<?xml version="1.0"?>
<testsuite name="Chrome 63.0.3239 (Windows 7 0.0.0)" package="models" timestamp="2018-01-30T15:27:31" id="0" hostname="RST-LTCXU" tests="3" errors="0" failures="0" time="0.001">
  <properties>
    <property name="browser.fullName" value="Mozilla/5.0 (Windows NT 6.1; Win64; x64) AppleWebKit/537.36 (KHTML, like Gecko) Chrome/63.0.3239.132 Safari/537.36"/>
  </properties>
  <testcase name="simple.message.function.js should present the correct massage" time="0.001" classname="Chrome_63_0_3239_(Windows_7_0_0_0).models.simple.message.function.js"/>
  <testcase name="myAdd function should add up two numbers Unit test on JS function logic" time="0" classname="Chrome_63_0_3239_(Windows_7_0_0_0).models.myAdd function should add up two numbers"/>
  <testcase name="myAdd function should add up two numbers Unit test on dynamic HTML: should display the sum of two numbers entered" time="0" classname="Chrome_63_0_3239_(Windows_7_0_0_0).models.myAdd function should add up two numbers"/>
  <system-out>
    <![CDATA[
]]>
  </system-out>
  <system-err/>
</testsuite>